<?xml version="1.0" encoding="UTF-8"?>
<!-- Generated by org.testng.reporters.JUnitReportReporter -->
<testsuite hostname="JangS" failures="0" tests="3" name="qa.mobile.test1" time="9.638" errors="0" timestamp="2022-10-26T22:33:57 EDT" skipped="0">
  <testcase classname="qa.mobile.test1" name="invalidUserName" time="2.062"/>
  <system-out/>
  <testcase classname="qa.mobile.test1" name="invalidPassword" time="4.889"/>
  <system-out/>
  <testcase classname="qa.mobile.test1" name="successfulLogin" time="2.687"/>
  <system-out/>
</testsuite> <!-- qa.mobile.test1 -->
