<?xml version="1.0" encoding="UTF-8"?>
<!-- Generated by org.testng.reporters.JUnitReportReporter -->
<testsuite hostname="JangS" failures="0" tests="1" name="com.qa.tests.LoginTests" time="6.535" errors="0" timestamp="2022-11-01T22:07:28 EDT" skipped="0">
  <testcase classname="com.qa.tests.LoginTests" name="invalidUserName" time="6.535"/>
  <system-out/>
</testsuite> <!-- com.qa.tests.LoginTests -->
