<?xml version="1.0" encoding="UTF-8"?>
<!-- Generated by org.testng.reporters.JUnitReportReporter -->
<testsuite hostname="JangS" failures="0" tests="2" name="com.qa.tests.ProductTests" time="0.000" errors="0" timestamp="2022-10-28T22:55:16 EDT" skipped="2">
  <testcase classname="com.qa.tests.ProductTests" name="validateProductOnProductsPage" time="0.000">
    <skipped/>
  </testcase> <!-- validateProductOnProductsPage -->
  <system-out/>
  <testcase classname="com.qa.tests.ProductTests" name="validateProductOnProductDetailsPage" time="0.000">
    <skipped/>
  </testcase> <!-- validateProductOnProductDetailsPage -->
  <system-out/>
</testsuite> <!-- com.qa.tests.ProductTests -->
